cl : command line warning D9035: option 'Gm' has been deprecated and will be removed in a future release
  strfuncs.c
C:\WorkSpace\Projects\speech\sphinxbase\src\libsphinxbase\util\strfuncs.c(110,20): warning C4267: 'initializing': conversion from 'size_t' to 'long', possible loss of data
C:\WorkSpace\Projects\speech\sphinxbase\src\libsphinxbase\util\strfuncs.c(193,15): warning C4244: 'return': conversion from '__int64' to 'int32', possible loss of data
  slapack_lite.c
C:\WorkSpace\Projects\speech\sphinxbase\src\libsphinxbase\util\slapack_lite.c(1040,30): warning C4244: '=': conversion from 'doublereal' to 'real', possible loss of data
C:\WorkSpace\Projects\speech\sphinxbase\src\libsphinxbase\util\slapack_lite.c(1046,12): warning C4244: '=': conversion from 'double' to 'real', possible loss of data
C:\WorkSpace\Projects\speech\sphinxbase\src\libsphinxbase\util\slapack_lite.c(1073,30): warning C4244: '=': conversion from 'doublereal' to 'real', possible loss of data
C:\WorkSpace\Projects\speech\sphinxbase\src\libsphinxbase\util\slapack_lite.c(1079,12): warning C4244: '=': conversion from 'double' to 'real', possible loss of data
  slamch.c
  sbthread.c
  profile.c
  priority_queue.c
  pio.c
C:\WorkSpace\Projects\speech\sphinxbase\src\libsphinxbase\util\pio.c(332,24): warning C4267: '+=': conversion from 'size_t' to 'int32', possible loss of data
C:\WorkSpace\Projects\speech\sphinxbase\src\libsphinxbase\util\pio.c(335,20): warning C4267: '+=': conversion from 'size_t' to 'int32', possible loss of data
C:\WorkSpace\Projects\speech\sphinxbase\src\libsphinxbase\util\pio.c(439,33): warning C4267: '+=': conversion from 'size_t' to 'int32', possible loss of data
  mmio.c
  matrix.c
C:\WorkSpace\Projects\speech\sphinxbase\src\libsphinxbase\util\matrix.c(71,19): warning C4244: '*=': conversion from 'float64' to 'float32', possible loss of data
  logmath.c
C:\WorkSpace\Projects\speech\sphinxbase\src\libsphinxbase\util\logmath.c(296,21): warning C4267: '=': conversion from 'size_t' to 'long', possible loss of data
  listelem_alloc.c
C:\WorkSpace\Projects\speech\sphinxbase\src\libsphinxbase\util\listelem_alloc.c(148,35): warning C4267: '=': conversion from 'size_t' to 'int32', possible loss of data
C:\WorkSpace\Projects\speech\sphinxbase\src\libsphinxbase\util\listelem_alloc.c(214,57): warning C4267: '=': conversion from 'size_t' to 'int32', possible loss of data
C:\WorkSpace\Projects\speech\sphinxbase\src\libsphinxbase\util\listelem_alloc.c(223,32): warning C4267: '=': conversion from 'size_t' to 'int32', possible loss of data
C:\WorkSpace\Projects\speech\sphinxbase\src\libsphinxbase\util\listelem_alloc.c(226,66): warning C4267: '=': conversion from 'size_t' to 'int32', possible loss of data
C:\WorkSpace\Projects\speech\sphinxbase\src\libsphinxbase\util\listelem_alloc.c(242,29): warning C4267: '=': conversion from 'size_t' to 'int32', possible loss of data
  heap.c
  hash_table.c
C:\WorkSpace\Projects\speech\sphinxbase\src\libsphinxbase\util\hash_table.c(338,33): warning C4311: 'type cast': pointer truncation from 'void *' to 'long'
C:\WorkSpace\Projects\speech\sphinxbase\src\libsphinxbase\util\hash_table.c(374,33): warning C4311: 'type cast': pointer truncation from 'void *' to 'long'
C:\WorkSpace\Projects\speech\sphinxbase\src\libsphinxbase\util\hash_table.c(598,63): warning C4311: 'type cast': pointer truncation from 'void *' to 'long'
C:\WorkSpace\Projects\speech\sphinxbase\src\libsphinxbase\util\hash_table.c(609,67): warning C4311: 'type cast': pointer truncation from 'void *' to 'long'
  glist.c
  genrand.c
  filename.c
  f2c_lite.c
  err.c
  dtoa.c
  cmd_ln.c
C:\WorkSpace\Projects\speech\sphinxbase\src\libsphinxbase\util\cmd_ln.c(117,13): warning C4267: '=': conversion from 'size_t' to 'int32', possible loss of data
C:\WorkSpace\Projects\speech\sphinxbase\src\libsphinxbase\util\cmd_ln.c(122,17): warning C4267: '=': conversion from 'size_t' to 'int32', possible loss of data
C:\WorkSpace\Projects\speech\sphinxbase\src\libsphinxbase\util\cmd_ln.c(124,17): warning C4267: '=': conversion from 'size_t' to 'int32', possible loss of data
C:\WorkSpace\Projects\speech\sphinxbase\src\libsphinxbase\util\cmd_ln.c(151,14): warning C4090: 'function': different 'const' qualifiers
C:\WorkSpace\Projects\speech\sphinxbase\src\libsphinxbase\util\cmd_ln.c(332,17): warning C4090: 'function': different 'const' qualifiers
  Generating Code...
  Compiling...
  ckd_alloc.c
  case.c
  blas_lite.c
  bitvec.c
  bitarr.c
  bio.c
C:\WorkSpace\Projects\speech\sphinxbase\src\libsphinxbase\util\bio.c(354,14): warning C4267: '=': conversion from 'size_t' to 'int', possible loss of data
C:\WorkSpace\Projects\speech\sphinxbase\src\libsphinxbase\util\bio.c(359,16): warning C4267: 'return': conversion from 'size_t' to 'int32', possible loss of data
C:\WorkSpace\Projects\speech\sphinxbase\src\libsphinxbase\util\bio.c(377,25): warning C4267: 'function': conversion from 'size_t' to 'int32', possible loss of data
C:\WorkSpace\Projects\speech\sphinxbase\src\libsphinxbase\util\bio.c(576,27): warning C4267: 'function': conversion from 'size_t' to 'int32', possible loss of data
C:\WorkSpace\Projects\speech\sphinxbase\src\libsphinxbase\util\bio.c(588,12): warning C4267: 'return': conversion from 'size_t' to 'int', possible loss of data
  ngram_model_trie.c
C:\WorkSpace\Projects\speech\sphinxbase\src\libsphinxbase\lm\ngram_model_trie.c(154,32): warning C4312: 'type cast': conversion from 'long' to 'void *' of greater size
C:\WorkSpace\Projects\speech\sphinxbase\src\libsphinxbase\lm\ngram_model_trie.c(154,55): warning C4312: 'type cast': conversion from 'long' to 'void *' of greater size
C:\WorkSpace\Projects\speech\sphinxbase\src\libsphinxbase\lm\ngram_model_trie.c(324,47): warning C4312: 'type cast': conversion from 'long' to 'void *' of greater size
C:\WorkSpace\Projects\speech\sphinxbase\src\libsphinxbase\lm\ngram_model_trie.c(324,69): warning C4312: 'type cast': conversion from 'long' to 'void *' of greater size
C:\WorkSpace\Projects\speech\sphinxbase\src\libsphinxbase\lm\ngram_model_trie.c(328,40): warning C4267: '+=': conversion from 'size_t' to 'uint32', possible loss of data
C:\WorkSpace\Projects\speech\sphinxbase\src\libsphinxbase\lm\ngram_model_trie.c(389,41): warning C4267: '+=': conversion from 'size_t' to 'int32', possible loss of data
  ngram_model_set.c
C:\WorkSpace\Projects\speech\sphinxbase\src\libsphinxbase\lm\ngram_model_set.c(84,1): warning C4312: 'type cast': conversion from 'long' to 'void *' of greater size
C:\WorkSpace\Projects\speech\sphinxbase\src\libsphinxbase\lm\ngram_model_set.c(84,1): warning C4311: 'type cast': pointer truncation from 'void *' to 'long'
C:\WorkSpace\Projects\speech\sphinxbase\src\libsphinxbase\lm\ngram_model_set.c(89,16): warning C4311: 'type cast': pointer truncation from 'void *' to 'long'
C:\WorkSpace\Projects\speech\sphinxbase\src\libsphinxbase\lm\ngram_model_set.c(112,16): warning C4312: 'type cast': conversion from 'long' to 'void *' of greater size
C:\WorkSpace\Projects\speech\sphinxbase\src\libsphinxbase\lm\ngram_model_set.c(112,16): warning C4311: 'type cast': pointer truncation from 'void *' to 'long'
C:\WorkSpace\Projects\speech\sphinxbase\src\libsphinxbase\lm\ngram_model_set.c(663,16): warning C4312: 'type cast': conversion from 'long' to 'void *' of greater size
C:\WorkSpace\Projects\speech\sphinxbase\src\libsphinxbase\lm\ngram_model_set.c(663,16): warning C4311: 'type cast': pointer truncation from 'void *' to 'long'
  ngram_model.c
C:\WorkSpace\Projects\speech\sphinxbase\src\libsphinxbase\lm\ngram_model.c(348,13): warning C4312: 'type cast': conversion from 'long' to 'void *' of greater size
C:\WorkSpace\Projects\speech\sphinxbase\src\libsphinxbase\lm\ngram_model.c(348,13): warning C4311: 'type cast': pointer truncation from 'void *' to 'long'
C:\WorkSpace\Projects\speech\sphinxbase\src\libsphinxbase\lm\ngram_model.c(638,1): warning C4312: 'type cast': conversion from 'long' to 'void *' of greater size
C:\WorkSpace\Projects\speech\sphinxbase\src\libsphinxbase\lm\ngram_model.c(638,1): warning C4311: 'type cast': pointer truncation from 'void *' to 'long'
C:\WorkSpace\Projects\speech\sphinxbase\src\libsphinxbase\lm\ngram_model.c(641,1): warning C4312: 'type cast': conversion from 'long' to 'void *' of greater size
C:\WorkSpace\Projects\speech\sphinxbase\src\libsphinxbase\lm\ngram_model.c(980,29): warning C4244: '=': conversion from 'double' to 'float32', possible loss of data
  lm_trie_quant.c
C:\WorkSpace\Projects\speech\sphinxbase\src\libsphinxbase\lm\lm_trie_quant.c(78,18): warning C4244: '=': conversion from '__int64' to 'int', possible loss of data
C:\WorkSpace\Projects\speech\sphinxbase\src\libsphinxbase\lm\lm_trie_quant.c(116,61): warning C4334: '<<': result of 32-bit shift implicitly converted to 64 bits (was 64-bit shift intended?)
C:\WorkSpace\Projects\speech\sphinxbase\src\libsphinxbase\lm\lm_trie_quant.c(117,59): warning C4334: '<<': result of 32-bit shift implicitly converted to 64 bits (was 64-bit shift intended?)
  lm_trie.c
C:\WorkSpace\Projects\speech\sphinxbase\src\libsphinxbase\lm\lm_trie.c(212,27): warning C4018: '<': signed/unsigned mismatch
C:\WorkSpace\Projects\speech\sphinxbase\src\libsphinxbase\lm\lm_trie.c(294,27): warning C4018: '<': signed/unsigned mismatch
C:\WorkSpace\Projects\speech\sphinxbase\src\libsphinxbase\lm\lm_trie.c(299,35): warning C4018: '<': signed/unsigned mismatch
C:\WorkSpace\Projects\speech\sphinxbase\src\libsphinxbase\lm\lm_trie.c(524,23): warning C4267: 'initializing': conversion from 'size_t' to 'uint32', possible loss of data
  ngrams_raw.c
C:\WorkSpace\Projects\speech\sphinxbase\src\libsphinxbase\lm\ngrams_raw.c(57,20): warning C4018: '<': signed/unsigned mismatch
C:\WorkSpace\Projects\speech\sphinxbase\src\libsphinxbase\lm\ngrams_raw.c(57,42): warning C4018: '<': signed/unsigned mismatch
C:\WorkSpace\Projects\speech\sphinxbase\src\libsphinxbase\lm\ngrams_raw.c(99,27): warning C4244: '=': conversion from 'double' to 'float32', possible loss of data
C:\WorkSpace\Projects\speech\sphinxbase\src\libsphinxbase\lm\ngrams_raw.c(110,18): warning C4244: '=': conversion from 'double' to 'float', possible loss of data
C:\WorkSpace\Projects\speech\sphinxbase\src\libsphinxbase\lm\ngrams_raw.c(124,23): warning C4244: '=': conversion from 'double' to 'float', possible loss of data
  jsgf_scanner.c
_jsgf_scanner.l(84,20): warning C4244: '=': conversion from 'double' to 'float', possible loss of data
  jsgf_parser.c
  jsgf.c
C:\WorkSpace\Projects\speech\sphinxbase\src\libsphinxbase\lm\jsgf.c(945,32): warning C4090: 'function': different 'const' qualifiers
  fsg_model.c
C:\WorkSpace\Projects\speech\sphinxbase\src\libsphinxbase\lm\fsg_model.c(663,17): warning C4244: '=': conversion from 'double' to 'float32', possible loss of data
C:\WorkSpace\Projects\speech\sphinxbase\src\libsphinxbase\lm\fsg_model.c(683,1): warning C4312: 'type cast': conversion from 'long' to 'void *' of greater size
C:\WorkSpace\Projects\speech\sphinxbase\src\libsphinxbase\lm\fsg_model.c(683,1): warning C4311: 'type cast': pointer truncation from 'void *' to 'long'
C:\WorkSpace\Projects\speech\sphinxbase\src\libsphinxbase\lm\fsg_model.c(710,61): warning C4311: 'type cast': pointer truncation from 'void *' to 'long'
C:\WorkSpace\Projects\speech\sphinxbase\src\libsphinxbase\lm\fsg_model.c(866,62): warning C4244: 'function': conversion from 'float32' to 'int', possible loss of data
  yin.c
  fixlog.c
  fe_warp_piecewise_linear.c
  fe_warp_inverse_linear.c
  Generating Code...
  Compiling...
  fe_warp.c
  fe_warp_affine.c
  fe_sigproc.c
  fe_prespch_buf.c
  fe_noise.c
  fe_interface.c
C:\WorkSpace\Projects\speech\sphinxbase\src\libsphinxbase\fe\fe_interface.c(418,99): warning C4267: '=': conversion from 'size_t' to 'int32', possible loss of data
C:\WorkSpace\Projects\speech\sphinxbase\src\libsphinxbase\fe\fe_interface.c(457,17): warning C4267: '=': conversion from 'size_t' to 'int32', possible loss of data
C:\WorkSpace\Projects\speech\sphinxbase\src\libsphinxbase\fe\fe_interface.c(473,39): warning C4267: '+=': conversion from 'size_t' to 'int16', possible loss of data
C:\WorkSpace\Projects\speech\sphinxbase\src\libsphinxbase\fe\fe_interface.c(525,97): warning C4267: 'function': conversion from 'size_t' to 'int', possible loss of data
C:\WorkSpace\Projects\speech\sphinxbase\src\libsphinxbase\fe\fe_interface.c(532,94): warning C4267: 'function': conversion from 'size_t' to 'int', possible loss of data
C:\WorkSpace\Projects\speech\sphinxbase\src\libsphinxbase\fe\fe_interface.c(542,22): warning C4267: '=': conversion from 'size_t' to 'int', possible loss of data
C:\WorkSpace\Projects\speech\sphinxbase\src\libsphinxbase\fe\fe_interface.c(548,50): warning C4244: '=': conversion from '__int64' to 'int16', possible loss of data
C:\WorkSpace\Projects\speech\sphinxbase\src\libsphinxbase\fe\fe_interface.c(565,46): warning C4267: '=': conversion from 'size_t' to 'int', possible loss of data
C:\WorkSpace\Projects\speech\sphinxbase\src\libsphinxbase\fe\fe_interface.c(573,40): warning C4244: '-=': conversion from '__int64' to 'int', possible loss of data
  lda.c
  feat.c
C:\WorkSpace\Projects\speech\sphinxbase\src\libsphinxbase\feat\feat.c(370,5): warning C4018: '>=': signed/unsigned mismatch
C:\WorkSpace\Projects\speech\sphinxbase\src\libsphinxbase\feat\feat.c(404,5): warning C4018: '>=': signed/unsigned mismatch
C:\WorkSpace\Projects\speech\sphinxbase\src\libsphinxbase\feat\feat.c(900,19): warning C4018: '<': signed/unsigned mismatch
C:\WorkSpace\Projects\speech\sphinxbase\src\libsphinxbase\feat\feat.c(903,23): warning C4018: '<': signed/unsigned mismatch
  cmn_prior.c
  cmn.c
  agc.c
  ad_win32.c
C:\WorkSpace\Projects\speech\sphinxbase\src\libsphinxad\ad_win32.c(222,25): warning C4477: 'fprintf' : format string '%d' requires an argument of type 'int', but variadic argument 1 has type 'size_t'
C:\WorkSpace\Projects\speech\sphinxbase\src\libsphinxad\ad_win32.c(222,25): message : consider using '%zd' in the format string
C:\WorkSpace\Projects\speech\sphinxbase\src\libsphinxad\ad_win32.c(294,25): warning C4477: 'fprintf' : format string '%d' requires an argument of type 'int', but variadic argument 1 has type 'size_t'
C:\WorkSpace\Projects\speech\sphinxbase\src\libsphinxad\ad_win32.c(294,25): message : consider using '%zd' in the format string
C:\WorkSpace\Projects\speech\sphinxbase\src\libsphinxad\ad_win32.c(307,25): warning C4477: 'fprintf' : format string '%d' requires an argument of type 'int', but variadic argument 2 has type 'size_t'
C:\WorkSpace\Projects\speech\sphinxbase\src\libsphinxad\ad_win32.c(307,25): message : consider using '%zd' in the format string
  Generating Code...
     Creating library ../../bin/Debug/x64/sphinxbase.lib and object ../../bin/Debug/x64/sphinxbase.exp
  sphinxbase.vcxproj -> C:\WorkSpace\Projects\speech\sphinxbase\bin\Debug\x64\sphinxbase.dll
